生成启动时间为 2015/6/10 PM 2:17:20。
     1>项目“D:\c++\Leetcode\FirstTime\MedianOfTwoSortedArrays\MedianOfTwoSortedArrays\MedianOfTwoSortedArrays.vcxproj”在节点 2 上(Build 个目标)。
     1>ClCompile:
         C:\Program Files (x86)\Microsoft Visual Studio 12.0\VC\bin\CL.exe /c /ZI /nologo /W3 /WX- /sdl /Od /Oy- /D WIN32 /D _DEBUG /D _CONSOLE /D _LIB /D _UNICODE /D UNICODE /Gm /EHsc /RTC1 /MDd /GS /fp:precise /Zc:wchar_t /Zc:forScope /Fo"Debug\\" /Fd"Debug\vc120.pdb" /Gd /TP /analyze- /errorReport:prompt main.cpp
         main.cpp
     1>d:\c++\leetcode\firsttime\medianoftwosortedarrays\medianoftwosortedarrays\main.cpp(17): error C2133: “array1”: 未知的大小
     1>d:\c++\leetcode\firsttime\medianoftwosortedarrays\medianoftwosortedarrays\main.cpp(18): error C2133: “array2”: 未知的大小
     1>d:\c++\leetcode\firsttime\medianoftwosortedarrays\medianoftwosortedarrays\main.cpp(31): error C2784: “std::_Vb_iterator<_Alloc> std::operator +(_Alloc::difference_type,std::_Vb_iterator<_Alloc>)”: 未能从“int”为“std::_Vb_iterator<_Alloc>”推导 模板 参数
                 c:\program files (x86)\microsoft visual studio 12.0\vc\include\vector(2298) : 参见“std::operator +”的声明
     1>d:\c++\leetcode\firsttime\medianoftwosortedarrays\medianoftwosortedarrays\main.cpp(31): error C2784: “std::_Vb_const_iterator<_Alloc> std::operator +(_Alloc::difference_type,std::_Vb_const_iterator<_Alloc>)”: 未能从“int”为“std::_Vb_const_iterator<_Alloc>”推导 模板 参数
                 c:\program files (x86)\microsoft visual studio 12.0\vc\include\vector(2191) : 参见“std::operator +”的声明
     1>d:\c++\leetcode\firsttime\medianoftwosortedarrays\medianoftwosortedarrays\main.cpp(31): error C2784: “std::_Vector_iterator<_Myvec> std::operator +(_Vector_iterator<_Myvec>::difference_type,std::_Vector_iterator<_Myvec>)”: 未能从“int”为“std::_Vector_iterator<_Myvec>”推导 模板 参数
                 c:\program files (x86)\microsoft visual studio 12.0\vc\include\vector(409) : 参见“std::operator +”的声明
     1>d:\c++\leetcode\firsttime\medianoftwosortedarrays\medianoftwosortedarrays\main.cpp(31): error C2784: “std::_Vector_const_iterator<_Myvec> std::operator +(_Vector_const_iterator<_Myvec>::difference_type,std::_Vector_const_iterator<_Myvec>)”: 未能从“int”为“std::_Vector_const_iterator<_Myvec>”推导 模板 参数
                 c:\program files (x86)\microsoft visual studio 12.0\vc\include\vector(278) : 参见“std::operator +”的声明
     1>d:\c++\leetcode\firsttime\medianoftwosortedarrays\medianoftwosortedarrays\main.cpp(31): error C2784: “std::basic_string<_Elem,_Traits,_Alloc> std::operator +(std::basic_string<_Elem,_Traits,_Alloc> &&,const _Elem)”: 未能从“std::vector<int,std::allocator<_Ty>>”为“std::basic_string<_Elem,_Traits,_Alloc> &&”推导 模板 参数
                 with
                 [
                     _Ty=int
                 ]
                 c:\program files (x86)\microsoft visual studio 12.0\vc\include\xstring(2455) : 参见“std::operator +”的声明
                 c:\program files (x86)\microsoft visual studio 12.0\vc\include\xstring(2455) : 参见“std::operator +”的声明
                 c:\program files (x86)\microsoft visual studio 12.0\vc\include\xstring(2455) : 参见“std::operator +”的声明
                 c:\program files (x86)\microsoft visual studio 12.0\vc\include\xstring(2455) : 参见“std::operator +”的声明
     1>d:\c++\leetcode\firsttime\medianoftwosortedarrays\medianoftwosortedarrays\main.cpp(31): error C2784: “std::basic_string<_Elem,_Traits,_Alloc> std::operator +(std::basic_string<_Elem,_Traits,_Alloc> &&,const _Elem *)”: 未能从“std::vector<int,std::allocator<_Ty>>”为“std::basic_string<_Elem,_Traits,_Alloc> &&”推导 模板 参数
                 with
                 [
                     _Ty=int
                 ]
                 c:\program files (x86)\microsoft visual studio 12.0\vc\include\xstring(2445) : 参见“std::operator +”的声明
                 c:\program files (x86)\microsoft visual studio 12.0\vc\include\xstring(2445) : 参见“std::operator +”的声明
                 c:\program files (x86)\microsoft visual studio 12.0\vc\include\xstring(2445) : 参见“std::operator +”的声明
                 c:\program files (x86)\microsoft visual studio 12.0\vc\include\xstring(2445) : 参见“std::operator +”的声明
     1>d:\c++\leetcode\firsttime\medianoftwosortedarrays\medianoftwosortedarrays\main.cpp(31): error C2784: “std::basic_string<_Elem,_Traits,_Alloc> std::operator +(const _Elem,std::basic_string<_Elem,_Traits,_Alloc> &&)”: 未能从“int”为“std::basic_string<_Elem,_Traits,_Alloc> &&”推导 模板 参数
                 c:\program files (x86)\microsoft visual studio 12.0\vc\include\xstring(2435) : 参见“std::operator +”的声明
     1>d:\c++\leetcode\firsttime\medianoftwosortedarrays\medianoftwosortedarrays\main.cpp(31): error C2784: “std::basic_string<_Elem,_Traits,_Alloc> std::operator +(const _Elem *,std::basic_string<_Elem,_Traits,_Alloc> &&)”: 未能从“std::vector<int,std::allocator<_Ty>>”为“const _Elem *”推导 模板 参数
                 with
                 [
                     _Ty=int
                 ]
                 c:\program files (x86)\microsoft visual studio 12.0\vc\include\xstring(2425) : 参见“std::operator +”的声明
     1>d:\c++\leetcode\firsttime\medianoftwosortedarrays\medianoftwosortedarrays\main.cpp(31): error C2784: “std::basic_string<_Elem,_Traits,_Alloc> std::operator +(std::basic_string<_Elem,_Traits,_Alloc> &&,std::basic_string<_Elem,_Traits,_Alloc> &&)”: 未能从“std::vector<int,std::allocator<_Ty>>”为“std::basic_string<_Elem,_Traits,_Alloc> &&”推导 模板 参数
                 with
                 [
                     _Ty=int
                 ]
                 c:\program files (x86)\microsoft visual studio 12.0\vc\include\xstring(2411) : 参见“std::operator +”的声明
                 c:\program files (x86)\microsoft visual studio 12.0\vc\include\xstring(2411) : 参见“std::operator +”的声明
                 c:\program files (x86)\microsoft visual studio 12.0\vc\include\xstring(2411) : 参见“std::operator +”的声明
                 c:\program files (x86)\microsoft visual studio 12.0\vc\include\xstring(2411) : 参见“std::operator +”的声明
     1>d:\c++\leetcode\firsttime\medianoftwosortedarrays\medianoftwosortedarrays\main.cpp(31): error C2784: “std::basic_string<_Elem,_Traits,_Alloc> std::operator +(std::basic_string<_Elem,_Traits,_Alloc> &&,const std::basic_string<_Elem,_Traits,_Alloc> &)”: 未能从“std::vector<int,std::allocator<_Ty>>”为“std::basic_string<_Elem,_Traits,_Alloc> &&”推导 模板 参数
                 with
                 [
                     _Ty=int
                 ]
                 c:\program files (x86)\microsoft visual studio 12.0\vc\include\xstring(2401) : 参见“std::operator +”的声明
                 c:\program files (x86)\microsoft visual studio 12.0\vc\include\xstring(2401) : 参见“std::operator +”的声明
                 c:\program files (x86)\microsoft visual studio 12.0\vc\include\xstring(2401) : 参见“std::operator +”的声明
                 c:\program files (x86)\microsoft visual studio 12.0\vc\include\xstring(2401) : 参见“std::operator +”的声明
     1>d:\c++\leetcode\firsttime\medianoftwosortedarrays\medianoftwosortedarrays\main.cpp(31): error C2784: “std::basic_string<_Elem,_Traits,_Alloc> std::operator +(const std::basic_string<_Elem,_Traits,_Alloc> &,std::basic_string<_Elem,_Traits,_Alloc> &&)”: 未能从“std::vector<int,std::allocator<_Ty>>”为“const std::basic_string<_Elem,_Traits,_Alloc> &”推导 模板 参数
                 with
                 [
                     _Ty=int
                 ]
                 c:\program files (x86)\microsoft visual studio 12.0\vc\include\xstring(2391) : 参见“std::operator +”的声明
                 c:\program files (x86)\microsoft visual studio 12.0\vc\include\xstring(2391) : 参见“std::operator +”的声明
                 c:\program files (x86)\microsoft visual studio 12.0\vc\include\xstring(2391) : 参见“std::operator +”的声明
                 c:\program files (x86)\microsoft visual studio 12.0\vc\include\xstring(2391) : 参见“std::operator +”的声明
     1>d:\c++\leetcode\firsttime\medianoftwosortedarrays\medianoftwosortedarrays\main.cpp(31): error C2784: “std::basic_string<_Elem,_Traits,_Alloc> std::operator +(const std::basic_string<_Elem,_Traits,_Alloc> &,const _Elem)”: 未能从“std::vector<int,std::allocator<_Ty>>”为“const std::basic_string<_Elem,_Traits,_Alloc> &”推导 模板 参数
                 with
                 [
                     _Ty=int
                 ]
                 c:\program files (x86)\microsoft visual studio 12.0\vc\include\xstring(2377) : 参见“std::operator +”的声明
                 c:\program files (x86)\microsoft visual studio 12.0\vc\include\xstring(2377) : 参见“std::operator +”的声明
                 c:\program files (x86)\microsoft visual studio 12.0\vc\include\xstring(2377) : 参见“std::operator +”的声明
                 c:\program files (x86)\microsoft visual studio 12.0\vc\include\xstring(2377) : 参见“std::operator +”的声明
     1>d:\c++\leetcode\firsttime\medianoftwosortedarrays\medianoftwosortedarrays\main.cpp(31): error C2784: “std::basic_string<_Elem,_Traits,_Alloc> std::operator +(const std::basic_string<_Elem,_Traits,_Alloc> &,const _Elem *)”: 未能从“std::vector<int,std::allocator<_Ty>>”为“const std::basic_string<_Elem,_Traits,_Alloc> &”推导 模板 参数
                 with
                 [
                     _Ty=int
                 ]
                 c:\program files (x86)\microsoft visual studio 12.0\vc\include\xstring(2363) : 参见“std::operator +”的声明
                 c:\program files (x86)\microsoft visual studio 12.0\vc\include\xstring(2363) : 参见“std::operator +”的声明
                 c:\program files (x86)\microsoft visual studio 12.0\vc\include\xstring(2363) : 参见“std::operator +”的声明
                 c:\program files (x86)\microsoft visual studio 12.0\vc\include\xstring(2363) : 参见“std::operator +”的声明
     1>d:\c++\leetcode\firsttime\medianoftwosortedarrays\medianoftwosortedarrays\main.cpp(31): error C2784: “std::basic_string<_Elem,_Traits,_Alloc> std::operator +(const _Elem,const std::basic_string<_Elem,_Traits,_Alloc> &)”: 未能从“int”为“const std::basic_string<_Elem,_Traits,_Alloc> &”推导 模板 参数
                 c:\program files (x86)\microsoft visual studio 12.0\vc\include\xstring(2349) : 参见“std::operator +”的声明
     1>d:\c++\leetcode\firsttime\medianoftwosortedarrays\medianoftwosortedarrays\main.cpp(31): error C2784: “std::basic_string<_Elem,_Traits,_Alloc> std::operator +(const _Elem *,const std::basic_string<_Elem,_Traits,_Alloc> &)”: 未能从“std::vector<int,std::allocator<_Ty>>”为“const _Elem *”推导 模板 参数
                 with
                 [
                     _Ty=int
                 ]
                 c:\program files (x86)\microsoft visual studio 12.0\vc\include\xstring(2335) : 参见“std::operator +”的声明
     1>d:\c++\leetcode\firsttime\medianoftwosortedarrays\medianoftwosortedarrays\main.cpp(31): error C2784: “std::basic_string<_Elem,_Traits,_Alloc> std::operator +(const std::basic_string<_Elem,_Traits,_Alloc> &,const std::basic_string<_Elem,_Traits,_Alloc> &)”: 未能从“std::vector<int,std::allocator<_Ty>>”为“const std::basic_string<_Elem,_Traits,_Alloc> &”推导 模板 参数
                 with
                 [
                     _Ty=int
                 ]
                 c:\program files (x86)\microsoft visual studio 12.0\vc\include\xstring(2321) : 参见“std::operator +”的声明
                 c:\program files (x86)\microsoft visual studio 12.0\vc\include\xstring(2321) : 参见“std::operator +”的声明
                 c:\program files (x86)\microsoft visual studio 12.0\vc\include\xstring(2321) : 参见“std::operator +”的声明
                 c:\program files (x86)\microsoft visual studio 12.0\vc\include\xstring(2321) : 参见“std::operator +”的声明
     1>d:\c++\leetcode\firsttime\medianoftwosortedarrays\medianoftwosortedarrays\main.cpp(31): error C2784: “std::_String_iterator<_Mystr> std::operator +(_String_iterator<_Mystr>::difference_type,std::_String_iterator<_Mystr>)”: 未能从“int”为“std::_String_iterator<_Mystr>”推导 模板 参数
                 c:\program files (x86)\microsoft visual studio 12.0\vc\include\xstring(420) : 参见“std::operator +”的声明
     1>d:\c++\leetcode\firsttime\medianoftwosortedarrays\medianoftwosortedarrays\main.cpp(31): error C2784: “std::_String_const_iterator<_Mystr> std::operator +(_String_const_iterator<_Mystr>::difference_type,std::_String_const_iterator<_Mystr>)”: 未能从“int”为“std::_String_const_iterator<_Mystr>”推导 模板 参数
                 c:\program files (x86)\microsoft visual studio 12.0\vc\include\xstring(288) : 参见“std::operator +”的声明
     1>d:\c++\leetcode\firsttime\medianoftwosortedarrays\medianoftwosortedarrays\main.cpp(31): error C2784: “std::move_iterator<_RanIt> std::operator +(_Diff,const std::move_iterator<_RanIt> &)”: 未能从“int”为“const std::move_iterator<_RanIt> &”推导 模板 参数
                 c:\program files (x86)\microsoft visual studio 12.0\vc\include\xutility(1961) : 参见“std::operator +”的声明
     1>d:\c++\leetcode\firsttime\medianoftwosortedarrays\medianoftwosortedarrays\main.cpp(31): error C2784: “std::_Array_iterator<_Ty,_Size> std::operator +(_Array_iterator<_Ty,_Size>::difference_type,std::_Array_iterator<_Ty,_Size>)”: 未能从“int”为“std::_Array_iterator<_Ty,_Size>”推导 模板 参数
                 c:\program files (x86)\microsoft visual studio 12.0\vc\include\xutility(1815) : 参见“std::operator +”的声明
     1>d:\c++\leetcode\firsttime\medianoftwosortedarrays\medianoftwosortedarrays\main.cpp(31): error C2784: “std::_Array_const_iterator<_Ty,_Size> std::operator +(_Array_const_iterator<_Ty,_Size>::difference_type,std::_Array_const_iterator<_Ty,_Size>)”: 未能从“int”为“std::_Array_const_iterator<_Ty,_Size>”推导 模板 参数
                 c:\program files (x86)\microsoft visual studio 12.0\vc\include\xutility(1676) : 参见“std::operator +”的声明
     1>d:\c++\leetcode\firsttime\medianoftwosortedarrays\medianoftwosortedarrays\main.cpp(31): error C2784: “std::reverse_iterator<_RanIt> std::operator +(_Diff,const std::reverse_iterator<_RanIt> &)”: 未能从“int”为“const std::reverse_iterator<_RanIt> &”推导 模板 参数
                 c:\program files (x86)\microsoft visual studio 12.0\vc\include\xutility(1122) : 参见“std::operator +”的声明
     1>d:\c++\leetcode\firsttime\medianoftwosortedarrays\medianoftwosortedarrays\main.cpp(31): error C2784: “std::_Revranit<_RanIt,_Base> std::operator +(_Diff,const std::_Revranit<_RanIt,_Base> &)”: 未能从“int”为“const std::_Revranit<_RanIt,_Base> &”推导 模板 参数
                 c:\program files (x86)\microsoft visual studio 12.0\vc\include\xutility(927) : 参见“std::operator +”的声明
     1>d:\c++\leetcode\firsttime\medianoftwosortedarrays\medianoftwosortedarrays\main.cpp(31): error C2676: 二进制“+”:“std::vector<int,std::allocator<_Ty>>”不定义该运算符或到预定义运算符可接收的类型的转换
                 with
                 [
                     _Ty=int
                 ]
     1>d:\c++\leetcode\firsttime\medianoftwosortedarrays\medianoftwosortedarrays\main.cpp(31): error C2660: “Solution::getMedian”: 函数不接受 4 个参数
     1>已完成生成项目“D:\c++\Leetcode\FirstTime\MedianOfTwoSortedArrays\MedianOfTwoSortedArrays\MedianOfTwoSortedArrays.vcxproj”(Build 个目标)的操作 - 失败。

生成失败。

已用时间 00:00:00.33
