生成启动时间为 2015/7/1 PM 2:14:52。
     1>项目“D:\Code\Leetcode\FirstTime\SearchInRotatedArray\SearchInRotatedArray\SearchInRotatedArray.vcxproj”在节点 2 上(Build 个目标)。
     1>ClCompile:
         C:\Program Files (x86)\Microsoft Visual Studio 12.0\VC\bin\CL.exe /c /ZI /nologo /W3 /WX- /sdl /Od /Oy- /D WIN32 /D _DEBUG /D _CONSOLE /D _LIB /D _UNICODE /D UNICODE /Gm /EHsc /RTC1 /MDd /GS /fp:precise /Zc:wchar_t /Zc:forScope /Fo"Debug\\" /Fd"Debug\vc120.pdb" /Gd /TP /analyze- /errorReport:prompt main.cpp
         main.cpp
     1>d:\code\leetcode\firsttime\searchinrotatedarray\searchinrotatedarray\main.cpp(65): warning C4018: “<”: 有符号/无符号不匹配
     1>d:\code\leetcode\firsttime\searchinrotatedarray\searchinrotatedarray\main.cpp(69): warning C4244: “参数”: 从“time_t”转换到“unsigned int”，可能丢失数据
     1>d:\code\leetcode\firsttime\searchinrotatedarray\searchinrotatedarray\main.cpp(73): warning C4018: “<”: 有符号/无符号不匹配
     1>d:\code\leetcode\firsttime\searchinrotatedarray\searchinrotatedarray\main.cpp(75): warning C4018: “<”: 有符号/无符号不匹配
     1>d:\code\leetcode\firsttime\searchinrotatedarray\searchinrotatedarray\main.cpp(79): warning C4018: “<”: 有符号/无符号不匹配
     1>d:\code\leetcode\firsttime\searchinrotatedarray\searchinrotatedarray\main.cpp(83): warning C4018: “<”: 有符号/无符号不匹配
     1>d:\code\leetcode\firsttime\searchinrotatedarray\searchinrotatedarray\main.cpp(95): warning C4018: “<”: 有符号/无符号不匹配
     1>d:\code\leetcode\firsttime\searchinrotatedarray\searchinrotatedarray\main.cpp(99): warning C4018: “<”: 有符号/无符号不匹配
     1>d:\code\leetcode\firsttime\searchinrotatedarray\searchinrotatedarray\main.cpp(101): warning C4018: “<”: 有符号/无符号不匹配
     1>d:\code\leetcode\firsttime\searchinrotatedarray\searchinrotatedarray\main.cpp(105): warning C4018: “<”: 有符号/无符号不匹配
     1>d:\code\leetcode\firsttime\searchinrotatedarray\searchinrotatedarray\main.cpp(108): warning C4018: “<”: 有符号/无符号不匹配
       Link:
         C:\Program Files (x86)\Microsoft Visual Studio 12.0\VC\bin\link.exe /ERRORREPORT:PROMPT /OUT:"D:\Code\Leetcode\FirstTime\SearchInRotatedArray\Debug\SearchInRotatedArray.exe" /INCREMENTAL /NOLOGO kernel32.lib user32.lib gdi32.lib winspool.lib comdlg32.lib advapi32.lib shell32.lib ole32.lib oleaut32.lib uuid.lib odbc32.lib odbccp32.lib /MANIFEST /MANIFESTUAC:"level='asInvoker' uiAccess='false'" /manifest:embed /DEBUG /PDB:"D:\Code\Leetcode\FirstTime\SearchInRotatedArray\Debug\SearchInRotatedArray.pdb" /SUBSYSTEM:CONSOLE /TLBID:1 /DYNAMICBASE /NXCOMPAT /IMPLIB:"D:\Code\Leetcode\FirstTime\SearchInRotatedArray\Debug\SearchInRotatedArray.lib" /MACHINE:X86 Debug\main.obj
         SearchInRotatedArray.vcxproj -> D:\Code\Leetcode\FirstTime\SearchInRotatedArray\Debug\SearchInRotatedArray.exe
     1>已完成生成项目“D:\Code\Leetcode\FirstTime\SearchInRotatedArray\SearchInRotatedArray\SearchInRotatedArray.vcxproj”(Build 个目标)的操作。

生成成功。

已用时间 00:00:00.67
